# JRE version: OpenJDK Runtime Environment (17.0.11) (build 17.0.11+0--11852314)
# Java VM: OpenJDK 64-Bit Server VM (17.0.11+0--11852314, mixed mode, tiered, compressed oops, compressed class ptrs, g1 gc, windows-amd64)
GC Precious Log:
 CPUs: 12 total, 12 available
 Memory: 7967M
 Large Page Support: Disabled
 NUMA Support: Disabled
 Compressed Oops: Enabled (32-bit)
 Heap Region Size: 1M
 Heap Min Capacity: 8M
 Heap Initial Capacity: 126M
 Heap Max Capacity: 2G
 Pre-touch: Disabled
 Parallel Workers: 10
 Concurrent Workers: 3
 Concurrent Refinement Workers: 10
 Periodic GC: Disabled
Heap:
 garbage-first heap   total 419840K, used 160209K [0x0000000080000000, 0x0000000100000000)
  region size 1024K, 6 young (6144K), 6 survivors (6144K)
 Metaspace       used 169113K, committed 172928K, reserved 1310720K
  class space    used 22424K, committed 23936K, reserved 1048576K
GC Heap History (20 events):
Event: 9524.392 GC heap after
{Heap after GC invocations=112 (full 1):
 garbage-first heap   total 419840K, used 146861K [0x0000000080000000, 0x0000000100000000)
  region size 1024K, 3 young (3072K), 3 survivors (3072K)
 Metaspace       used 168411K, committed 172800K, reserved 1310720K
  class space    used 22389K, committed 23936K, reserved 1048576K
}
Event: 9527.387 GC heap before
{Heap before GC invocations=112 (full 1):
 garbage-first heap   total 419840K, used 281005K [0x0000000080000000, 0x0000000100000000)
  region size 1024K, 136 young (139264K), 3 survivors (3072K)
 Metaspace       used 168468K, committed 172800K, reserved 1310720K
  class space    used 22389K, committed 23936K, reserved 1048576K
}
Event: 9527.397 GC heap after
{Heap after GC invocations=113 (full 1):
 garbage-first heap   total 419840K, used 154634K [0x0000000080000000, 0x0000000100000000)
  region size 1024K, 11 young (11264K), 11 survivors (11264K)
 Metaspace       used 168468K, committed 172800K, reserved 1310720K
  class space    used 22389K, committed 23936K, reserved 1048576K
}
Event: 9581.541 GC heap before
{Heap before GC invocations=114 (full 1):
 garbage-first heap   total 419840K, used 347146K [0x0000000080000000, 0x0000000100000000)
  region size 1024K, 181 young (185344K), 11 survivors (11264K)
 Metaspace       used 168605K, committed 172864K, reserved 1310720K
  class space    used 22389K, committed 23936K, reserved 1048576K
}
Event: 9581.560 GC heap after
{Heap after GC invocations=115 (full 1):
 garbage-first heap   total 419840K, used 155152K [0x0000000080000000, 0x0000000100000000)
  region size 1024K, 16 young (16384K), 16 survivors (16384K)
 Metaspace       used 168605K, committed 172864K, reserved 1310720K
  class space    used 22389K, committed 23936K, reserved 1048576K
}
Event: 9581.575 GC heap before
{Heap before GC invocations=115 (full 1):
 garbage-first heap   total 419840K, used 158224K [0x0000000080000000, 0x0000000100000000)
  region size 1024K, 20 young (20480K), 16 survivors (16384K)
 Metaspace       used 168605K, committed 172864K, reserved 1310720K
  class space    used 22389K, committed 23936K, reserved 1048576K
}
Event: 9581.588 GC heap after
{Heap after GC invocations=116 (full 1):
 garbage-first heap   total 419840K, used 154456K [0x0000000080000000, 0x0000000100000000)
  region size 1024K, 3 young (3072K), 3 survivors (3072K)
 Metaspace       used 168605K, committed 172864K, reserved 1310720K
  class space    used 22389K, committed 23936K, reserved 1048576K
}
Event: 9584.413 GC heap before
{Heap before GC invocations=116 (full 1):
 garbage-first heap   total 419840K, used 276312K [0x0000000080000000, 0x0000000100000000)
  region size 1024K, 124 young (126976K), 3 survivors (3072K)
 Metaspace       used 168646K, committed 172864K, reserved 1310720K
  class space    used 22389K, committed 23936K, reserved 1048576K
}
Event: 9584.423 GC heap after
{Heap after GC invocations=117 (full 1):
 garbage-first heap   total 419840K, used 162648K [0x0000000080000000, 0x0000000100000000)
  region size 1024K, 11 young (11264K), 11 survivors (11264K)
 Metaspace       used 168646K, committed 172864K, reserved 1310720K
  class space    used 22389K, committed 23936K, reserved 1048576K
}
Event: 9612.770 GC heap before
{Heap before GC invocations=118 (full 1):
 garbage-first heap   total 419840K, used 349016K [0x0000000080000000, 0x0000000100000000)
  region size 1024K, 172 young (176128K), 11 survivors (11264K)
 Metaspace       used 168776K, committed 172864K, reserved 1310720K
  class space    used 22390K, committed 23936K, reserved 1048576K
}
Event: 9612.784 GC heap after
{Heap after GC invocations=119 (full 1):
 garbage-first heap   total 419840K, used 167241K [0x0000000080000000, 0x0000000100000000)
  region size 1024K, 18 young (18432K), 18 survivors (18432K)
 Metaspace       used 168776K, committed 172864K, reserved 1310720K
  class space    used 22390K, committed 23936K, reserved 1048576K
}
Event: 9612.791 GC heap before
{Heap before GC invocations=119 (full 1):
 garbage-first heap   total 419840K, used 169289K [0x0000000080000000, 0x0000000100000000)
  region size 1024K, 20 young (20480K), 18 survivors (18432K)
 Metaspace       used 168777K, committed 172864K, reserved 1310720K
  class space    used 22390K, committed 23936K, reserved 1048576K
}
Event: 9612.811 GC heap after
{Heap after GC invocations=120 (full 1):
 garbage-first heap   total 419840K, used 160094K [0x0000000080000000, 0x0000000100000000)
  region size 1024K, 3 young (3072K), 3 survivors (3072K)
 Metaspace       used 168777K, committed 172864K, reserved 1310720K
  class space    used 22390K, committed 23936K, reserved 1048576K
}
Event: 9616.033 GC heap before
{Heap before GC invocations=120 (full 1):
 garbage-first heap   total 419840K, used 278878K [0x0000000080000000, 0x0000000100000000)
  region size 1024K, 121 young (123904K), 3 survivors (3072K)
 Metaspace       used 168810K, committed 172864K, reserved 1310720K
  class space    used 22390K, committed 23936K, reserved 1048576K
}
Event: 9616.045 GC heap after
{Heap after GC invocations=121 (full 1):
 garbage-first heap   total 419840K, used 167849K [0x0000000080000000, 0x0000000100000000)
  region size 1024K, 11 young (11264K), 11 survivors (11264K)
 Metaspace       used 168810K, committed 172864K, reserved 1310720K
  class space    used 22390K, committed 23936K, reserved 1048576K
}
Event: 11652.939 GC heap before
{Heap before GC invocations=122 (full 1):
 garbage-first heap   total 419840K, used 348073K [0x0000000080000000, 0x0000000100000000)
  region size 1024K, 166 young (169984K), 11 survivors (11264K)
 Metaspace       used 168927K, committed 172864K, reserved 1310720K
  class space    used 22393K, committed 23936K, reserved 1048576K
}
Event: 11653.016 GC heap after
{Heap after GC invocations=123 (full 1):
 garbage-first heap   total 419840K, used 170496K [0x0000000080000000, 0x0000000100000000)
  region size 1024K, 15 young (15360K), 15 survivors (15360K)
 Metaspace       used 168927K, committed 172864K, reserved 1310720K
  class space    used 22393K, committed 23936K, reserved 1048576K
}
Event: 11653.153 GC heap before
{Heap before GC invocations=123 (full 1):
 garbage-first heap   total 419840K, used 175616K [0x0000000080000000, 0x0000000100000000)
  region size 1024K, 20 young (20480K), 15 survivors (15360K)
 Metaspace       used 168936K, committed 172864K, reserved 1310720K
  class space    used 22394K, committed 23936K, reserved 1048576K
}
Event: 11653.198 GC heap after
{Heap after GC invocations=124 (full 1):
 garbage-first heap   total 419840K, used 156948K [0x0000000080000000, 0x0000000100000000)
  region size 1024K, 3 young (3072K), 3 survivors (3072K)
 Metaspace       used 168936K, committed 172864K, reserved 1310720K
  class space    used 22394K, committed 23936K, reserved 1048576K
}
Event: 11654.077 GC heap before
{Heap before GC invocations=124 (full 1):
 garbage-first heap   total 419840K, used 190740K [0x0000000080000000, 0x0000000100000000)
  region size 1024K, 38 young (38912K), 3 survivors (3072K)
 Metaspace       used 169113K, committed 172928K, reserved 1310720K
  class space    used 22424K, committed 23936K, reserved 1048576K
}

