# JRE version: OpenJDK Runtime Environment (17.0.11) (build 17.0.11+0--11852314)
# Java VM: OpenJDK 64-Bit Server VM (17.0.11+0--11852314, mixed mode, tiered, compressed oops, compressed class ptrs, g1 gc, windows-amd64)
GC Precious Log:
 CPUs: 12 total, 12 available
 Memory: 7967M
 Large Page Support: Disabled
 NUMA Support: Disabled
 Compressed Oops: Enabled (32-bit)
 Heap Region Size: 1M
 Heap Min Capacity: 8M
 Heap Initial Capacity: 126M
 Heap Max Capacity: 2G
 Pre-touch: Disabled
 Parallel Workers: 10
 Concurrent Workers: 3
 Concurrent Refinement Workers: 10
 Periodic GC: Disabled
Heap:
 garbage-first heap   total 296960K, used 204509K [0x0000000080000000, 0x0000000100000000)
  region size 1024K, 5 young (5120K), 5 survivors (5120K)
 Metaspace       used 151425K, committed 152256K, reserved 1245184K
  class space    used 19445K, committed 19840K, reserved 1048576K
GC Heap History (20 events):
Event: 37.764 GC heap after
{Heap after GC invocations=48 (full 0):
 garbage-first heap   total 204800K, used 175718K [0x0000000080000000, 0x0000000100000000)
  region size 1024K, 1 young (1024K), 1 survivors (1024K)
 Metaspace       used 131386K, committed 132160K, reserved 1179648K
  class space    used 16899K, committed 17280K, reserved 1048576K
}
Event: 37.835 GC heap before
{Heap before GC invocations=48 (full 0):
 garbage-first heap   total 204800K, used 185958K [0x0000000080000000, 0x0000000100000000)
  region size 1024K, 10 young (10240K), 1 survivors (1024K)
 Metaspace       used 131410K, committed 132224K, reserved 1179648K
  class space    used 16899K, committed 17280K, reserved 1048576K
}
Event: 37.840 GC heap after
{Heap after GC invocations=49 (full 0):
 garbage-first heap   total 204800K, used 177331K [0x0000000080000000, 0x0000000100000000)
  region size 1024K, 2 young (2048K), 2 survivors (2048K)
 Metaspace       used 131410K, committed 132224K, reserved 1179648K
  class space    used 16899K, committed 17280K, reserved 1048576K
}
Event: 37.949 GC heap before
{Heap before GC invocations=50 (full 0):
 garbage-first heap   total 296960K, used 183475K [0x0000000080000000, 0x0000000100000000)
  region size 1024K, 10 young (10240K), 2 survivors (2048K)
 Metaspace       used 131430K, committed 132224K, reserved 1179648K
  class space    used 16899K, committed 17280K, reserved 1048576K
}
Event: 37.956 GC heap after
{Heap after GC invocations=51 (full 0):
 garbage-first heap   total 296960K, used 177362K [0x0000000080000000, 0x0000000100000000)
  region size 1024K, 2 young (2048K), 2 survivors (2048K)
 Metaspace       used 131430K, committed 132224K, reserved 1179648K
  class space    used 16899K, committed 17280K, reserved 1048576K
}
Event: 37.981 GC heap before
{Heap before GC invocations=51 (full 0):
 garbage-first heap   total 296960K, used 189650K [0x0000000080000000, 0x0000000100000000)
  region size 1024K, 14 young (14336K), 2 survivors (2048K)
 Metaspace       used 131430K, committed 132224K, reserved 1179648K
  class space    used 16899K, committed 17280K, reserved 1048576K
}
Event: 37.993 GC heap after
{Heap after GC invocations=52 (full 0):
 garbage-first heap   total 296960K, used 157011K [0x0000000080000000, 0x0000000100000000)
  region size 1024K, 1 young (1024K), 1 survivors (1024K)
 Metaspace       used 131430K, committed 132224K, reserved 1179648K
  class space    used 16899K, committed 17280K, reserved 1048576K
}
Event: 39.860 GC heap before
{Heap before GC invocations=52 (full 0):
 garbage-first heap   total 296960K, used 232787K [0x0000000080000000, 0x0000000100000000)
  region size 1024K, 69 young (70656K), 1 survivors (1024K)
 Metaspace       used 133262K, committed 134016K, reserved 1179648K
  class space    used 17082K, committed 17472K, reserved 1048576K
}
Event: 39.869 GC heap after
{Heap after GC invocations=53 (full 0):
 garbage-first heap   total 296960K, used 172117K [0x0000000080000000, 0x0000000100000000)
  region size 1024K, 9 young (9216K), 9 survivors (9216K)
 Metaspace       used 133262K, committed 134016K, reserved 1179648K
  class space    used 17082K, committed 17472K, reserved 1048576K
}
Event: 40.931 GC heap before
{Heap before GC invocations=53 (full 0):
 garbage-first heap   total 296960K, used 233557K [0x0000000080000000, 0x0000000100000000)
  region size 1024K, 68 young (69632K), 9 survivors (9216K)
 Metaspace       used 138951K, committed 139712K, reserved 1179648K
  class space    used 17708K, committed 18048K, reserved 1048576K
}
Event: 40.940 GC heap after
{Heap after GC invocations=54 (full 0):
 garbage-first heap   total 296960K, used 174509K [0x0000000080000000, 0x0000000100000000)
  region size 1024K, 2 young (2048K), 2 survivors (2048K)
 Metaspace       used 138951K, committed 139712K, reserved 1179648K
  class space    used 17708K, committed 18048K, reserved 1048576K
}
Event: 42.250 GC heap before
{Heap before GC invocations=54 (full 0):
 garbage-first heap   total 296960K, used 243117K [0x0000000080000000, 0x0000000100000000)
  region size 1024K, 64 young (65536K), 2 survivors (2048K)
 Metaspace       used 143271K, committed 144000K, reserved 1179648K
  class space    used 18342K, committed 18688K, reserved 1048576K
}
Event: 42.260 GC heap after
{Heap after GC invocations=55 (full 0):
 garbage-first heap   total 296960K, used 180531K [0x0000000080000000, 0x0000000100000000)
  region size 1024K, 7 young (7168K), 7 survivors (7168K)
 Metaspace       used 143271K, committed 144000K, reserved 1179648K
  class space    used 18342K, committed 18688K, reserved 1048576K
}
Event: 43.511 GC heap before
{Heap before GC invocations=55 (full 0):
 garbage-first heap   total 296960K, used 245043K [0x0000000080000000, 0x0000000100000000)
  region size 1024K, 66 young (67584K), 7 survivors (7168K)
 Metaspace       used 148184K, committed 148992K, reserved 1179648K
  class space    used 19014K, committed 19392K, reserved 1048576K
}
Event: 43.519 GC heap after
{Heap after GC invocations=56 (full 0):
 garbage-first heap   total 296960K, used 188036K [0x0000000080000000, 0x0000000100000000)
  region size 1024K, 4 young (4096K), 4 survivors (4096K)
 Metaspace       used 148184K, committed 148992K, reserved 1179648K
  class space    used 19014K, committed 19392K, reserved 1048576K
}
Event: 44.639 GC heap before
{Heap before GC invocations=56 (full 0):
 garbage-first heap   total 296960K, used 245380K [0x0000000080000000, 0x0000000100000000)
  region size 1024K, 60 young (61440K), 4 survivors (4096K)
 Metaspace       used 151289K, committed 152128K, reserved 1245184K
  class space    used 19444K, committed 19840K, reserved 1048576K
}
Event: 44.651 GC heap after
{Heap after GC invocations=57 (full 0):
 garbage-first heap   total 296960K, used 193632K [0x0000000080000000, 0x0000000100000000)
  region size 1024K, 8 young (8192K), 8 survivors (8192K)
 Metaspace       used 151289K, committed 152128K, reserved 1245184K
  class space    used 19444K, committed 19840K, reserved 1048576K
}
Event: 45.031 GC heap before
{Heap before GC invocations=57 (full 0):
 garbage-first heap   total 296960K, used 247904K [0x0000000080000000, 0x0000000100000000)
  region size 1024K, 60 young (61440K), 8 survivors (8192K)
 Metaspace       used 151350K, committed 152192K, reserved 1245184K
  class space    used 19445K, committed 19840K, reserved 1048576K
}
Event: 45.045 GC heap after
{Heap after GC invocations=58 (full 0):
 garbage-first heap   total 296960K, used 199818K [0x0000000080000000, 0x0000000100000000)
  region size 1024K, 8 young (8192K), 8 survivors (8192K)
 Metaspace       used 151350K, committed 152192K, reserved 1245184K
  class space    used 19445K, committed 19840K, reserved 1048576K
}
Event: 45.407 GC heap before
{Heap before GC invocations=58 (full 0):
 garbage-first heap   total 296960K, used 245898K [0x0000000080000000, 0x0000000100000000)
  region size 1024K, 54 young (55296K), 8 survivors (8192K)
 Metaspace       used 151425K, committed 152256K, reserved 1245184K
  class space    used 19445K, committed 19840K, reserved 1048576K
}

