# JRE version: OpenJDK Runtime Environment (17.0.11) (build 17.0.11+0--11852314)
# Java VM: OpenJDK 64-Bit Server VM (17.0.11+0--11852314, mixed mode, tiered, compressed oops, compressed class ptrs, g1 gc, windows-amd64)
GC Precious Log:
 CPUs: 12 total, 12 available
 Memory: 7967M
 Large Page Support: Disabled
 NUMA Support: Disabled
 Compressed Oops: Enabled (32-bit)
 Heap Region Size: 1M
 Heap Min Capacity: 8M
 Heap Initial Capacity: 126M
 Heap Max Capacity: 2G
 Pre-touch: Disabled
 Parallel Workers: 10
 Concurrent Workers: 3
 Concurrent Refinement Workers: 10
 Periodic GC: Disabled
Heap:
 garbage-first heap   total 457728K, used 232519K [0x0000000080000000, 0x0000000100000000)
  region size 1024K, 3 young (3072K), 3 survivors (3072K)
 Metaspace       used 188696K, committed 189696K, reserved 1245184K
  class space    used 24190K, committed 24704K, reserved 1048576K
GC Heap History (20 events):
Event: 68.557 GC heap after
{Heap after GC invocations=79 (full 0):
 garbage-first heap   total 300032K, used 262737K [0x0000000080000000, 0x0000000100000000)
  region size 1024K, 2 young (2048K), 2 survivors (2048K)
 Metaspace       used 188572K, committed 189568K, reserved 1245184K
  class space    used 24179K, committed 24704K, reserved 1048576K
}
Event: 68.666 GC heap before
{Heap before GC invocations=79 (full 0):
 garbage-first heap   total 300032K, used 274001K [0x0000000080000000, 0x0000000100000000)
  region size 1024K, 14 young (14336K), 2 survivors (2048K)
 Metaspace       used 188575K, committed 189568K, reserved 1245184K
  class space    used 24179K, committed 24704K, reserved 1048576K
}
Event: 68.670 GC heap after
{Heap after GC invocations=80 (full 0):
 garbage-first heap   total 300032K, used 263382K [0x0000000080000000, 0x0000000100000000)
  region size 1024K, 2 young (2048K), 2 survivors (2048K)
 Metaspace       used 188575K, committed 189568K, reserved 1245184K
  class space    used 24179K, committed 24704K, reserved 1048576K
}
Event: 69.303 GC heap before
{Heap before GC invocations=80 (full 0):
 garbage-first heap   total 300032K, used 274646K [0x0000000080000000, 0x0000000100000000)
  region size 1024K, 14 young (14336K), 2 survivors (2048K)
 Metaspace       used 188590K, committed 189632K, reserved 1245184K
  class space    used 24179K, committed 24704K, reserved 1048576K
}
Event: 69.309 GC heap after
{Heap after GC invocations=81 (full 0):
 garbage-first heap   total 300032K, used 264069K [0x0000000080000000, 0x0000000100000000)
  region size 1024K, 2 young (2048K), 2 survivors (2048K)
 Metaspace       used 188590K, committed 189632K, reserved 1245184K
  class space    used 24179K, committed 24704K, reserved 1048576K
}
Event: 69.759 GC heap before
{Heap before GC invocations=81 (full 0):
 garbage-first heap   total 300032K, used 275333K [0x0000000080000000, 0x0000000100000000)
  region size 1024K, 14 young (14336K), 2 survivors (2048K)
 Metaspace       used 188606K, committed 189632K, reserved 1245184K
  class space    used 24179K, committed 24704K, reserved 1048576K
}
Event: 69.762 GC heap after
{Heap after GC invocations=82 (full 0):
 garbage-first heap   total 300032K, used 264566K [0x0000000080000000, 0x0000000100000000)
  region size 1024K, 2 young (2048K), 2 survivors (2048K)
 Metaspace       used 188606K, committed 189632K, reserved 1245184K
  class space    used 24179K, committed 24704K, reserved 1048576K
}
Event: 69.904 GC heap before
{Heap before GC invocations=82 (full 0):
 garbage-first heap   total 300032K, used 275830K [0x0000000080000000, 0x0000000100000000)
  region size 1024K, 14 young (14336K), 2 survivors (2048K)
 Metaspace       used 188606K, committed 189632K, reserved 1245184K
  class space    used 24179K, committed 24704K, reserved 1048576K
}
Event: 69.907 GC heap after
{Heap after GC invocations=83 (full 0):
 garbage-first heap   total 300032K, used 265052K [0x0000000080000000, 0x0000000100000000)
  region size 1024K, 2 young (2048K), 2 survivors (2048K)
 Metaspace       used 188606K, committed 189632K, reserved 1245184K
  class space    used 24179K, committed 24704K, reserved 1048576K
}
Event: 70.701 GC heap before
{Heap before GC invocations=83 (full 0):
 garbage-first heap   total 300032K, used 277340K [0x0000000080000000, 0x0000000100000000)
  region size 1024K, 14 young (14336K), 2 survivors (2048K)
 Metaspace       used 188618K, committed 189632K, reserved 1245184K
  class space    used 24179K, committed 24704K, reserved 1048576K
}
Event: 70.705 GC heap after
{Heap after GC invocations=84 (full 0):
 garbage-first heap   total 300032K, used 266342K [0x0000000080000000, 0x0000000100000000)
  region size 1024K, 2 young (2048K), 2 survivors (2048K)
 Metaspace       used 188618K, committed 189632K, reserved 1245184K
  class space    used 24179K, committed 24704K, reserved 1048576K
}
Event: 73.007 GC heap before
{Heap before GC invocations=84 (full 0):
 garbage-first heap   total 300032K, used 277606K [0x0000000080000000, 0x0000000100000000)
  region size 1024K, 14 young (14336K), 2 survivors (2048K)
 Metaspace       used 188624K, committed 189632K, reserved 1245184K
  class space    used 24179K, committed 24704K, reserved 1048576K
}
Event: 73.009 GC heap after
{Heap after GC invocations=85 (full 0):
 garbage-first heap   total 300032K, used 266538K [0x0000000080000000, 0x0000000100000000)
  region size 1024K, 1 young (1024K), 1 survivors (1024K)
 Metaspace       used 188624K, committed 189632K, reserved 1245184K
  class space    used 24179K, committed 24704K, reserved 1048576K
}
Event: 74.086 GC heap before
{Heap before GC invocations=85 (full 0):
 garbage-first heap   total 300032K, used 278826K [0x0000000080000000, 0x0000000100000000)
  region size 1024K, 14 young (14336K), 1 survivors (1024K)
 Metaspace       used 188624K, committed 189632K, reserved 1245184K
  class space    used 24179K, committed 24704K, reserved 1048576K
}
Event: 74.088 GC heap after
{Heap after GC invocations=86 (full 0):
 garbage-first heap   total 300032K, used 266612K [0x0000000080000000, 0x0000000100000000)
  region size 1024K, 1 young (1024K), 1 survivors (1024K)
 Metaspace       used 188624K, committed 189632K, reserved 1245184K
  class space    used 24179K, committed 24704K, reserved 1048576K
}
Event: 75.556 GC heap before
{Heap before GC invocations=87 (full 0):
 garbage-first heap   total 457728K, used 284020K [0x0000000080000000, 0x0000000100000000)
  region size 1024K, 22 young (22528K), 1 survivors (1024K)
 Metaspace       used 188652K, committed 189632K, reserved 1245184K
  class space    used 24188K, committed 24704K, reserved 1048576K
}
Event: 75.560 GC heap after
{Heap after GC invocations=88 (full 0):
 garbage-first heap   total 457728K, used 265724K [0x0000000080000000, 0x0000000100000000)
  region size 1024K, 3 young (3072K), 3 survivors (3072K)
 Metaspace       used 188652K, committed 189632K, reserved 1245184K
  class space    used 24188K, committed 24704K, reserved 1048576K
}
Event: 75.650 GC heap before
{Heap before GC invocations=88 (full 0):
 garbage-first heap   total 457728K, used 284156K [0x0000000080000000, 0x0000000100000000)
  region size 1024K, 22 young (22528K), 3 survivors (3072K)
 Metaspace       used 188664K, committed 189696K, reserved 1245184K
  class space    used 24188K, committed 24704K, reserved 1048576K
}
Event: 75.660 GC heap after
{Heap after GC invocations=89 (full 0):
 garbage-first heap   total 457728K, used 231074K [0x0000000080000000, 0x0000000100000000)
  region size 1024K, 2 young (2048K), 2 survivors (2048K)
 Metaspace       used 188664K, committed 189696K, reserved 1245184K
  class space    used 24188K, committed 24704K, reserved 1048576K
}
Event: 76.353 GC heap before
{Heap before GC invocations=89 (full 0):
 garbage-first heap   total 457728K, used 392866K [0x0000000080000000, 0x0000000100000000)
  region size 1024K, 161 young (164864K), 2 survivors (2048K)
 Metaspace       used 188696K, committed 189696K, reserved 1245184K
  class space    used 24190K, committed 24704K, reserved 1048576K
}

