# JRE version: OpenJDK Runtime Environment (17.0.11) (build 17.0.11+0--11852314)
# Java VM: OpenJDK 64-Bit Server VM (17.0.11+0--11852314, mixed mode, tiered, compressed oops, compressed class ptrs, g1 gc, windows-amd64)
GC Precious Log:
 CPUs: 12 total, 12 available
 Memory: 7967M
 Large Page Support: Disabled
 NUMA Support: Disabled
 Compressed Oops: Enabled (32-bit)
 Heap Region Size: 1M
 Heap Min Capacity: 8M
 Heap Initial Capacity: 126M
 Heap Max Capacity: 2G
 Pre-touch: Disabled
 Parallel Workers: 10
 Concurrent Workers: 3
 Concurrent Refinement Workers: 10
 Periodic GC: Disabled
Heap:
 garbage-first heap   total 302080K, used 183140K [0x0000000080000000, 0x0000000100000000)
  region size 1024K, 7 young (7168K), 7 survivors (7168K)
 Metaspace       used 127694K, committed 128576K, reserved 1179648K
  class space    used 16832K, committed 17280K, reserved 1048576K
GC Heap History (20 events):
Event: 14.955 GC heap after
{Heap after GC invocations=34 (full 0):
 garbage-first heap   total 195584K, used 135676K [0x0000000080000000, 0x0000000100000000)
  region size 1024K, 6 young (6144K), 6 survivors (6144K)
 Metaspace       used 99937K, committed 100800K, reserved 1179648K
  class space    used 13841K, committed 14208K, reserved 1048576K
}
Event: 15.076 GC heap before
{Heap before GC invocations=34 (full 0):
 garbage-first heap   total 195584K, used 162300K [0x0000000080000000, 0x0000000100000000)
  region size 1024K, 32 young (32768K), 6 survivors (6144K)
 Metaspace       used 99940K, committed 100800K, reserved 1179648K
  class space    used 13841K, committed 14208K, reserved 1048576K
}
Event: 15.092 GC heap after
{Heap after GC invocations=35 (full 0):
 garbage-first heap   total 244736K, used 143360K [0x0000000080000000, 0x0000000100000000)
  region size 1024K, 4 young (4096K), 4 survivors (4096K)
 Metaspace       used 99940K, committed 100800K, reserved 1179648K
  class space    used 13841K, committed 14208K, reserved 1048576K
}
Event: 15.796 GC heap before
{Heap before GC invocations=35 (full 0):
 garbage-first heap   total 244736K, used 194560K [0x0000000080000000, 0x0000000100000000)
  region size 1024K, 54 young (55296K), 4 survivors (4096K)
 Metaspace       used 101474K, committed 102272K, reserved 1179648K
  class space    used 14039K, committed 14400K, reserved 1048576K
}
Event: 15.814 GC heap after
{Heap after GC invocations=36 (full 0):
 garbage-first heap   total 244736K, used 155087K [0x0000000080000000, 0x0000000100000000)
  region size 1024K, 7 young (7168K), 7 survivors (7168K)
 Metaspace       used 101474K, committed 102272K, reserved 1179648K
  class space    used 14039K, committed 14400K, reserved 1048576K
}
Event: 16.515 GC heap before
{Heap before GC invocations=36 (full 0):
 garbage-first heap   total 244736K, used 204239K [0x0000000080000000, 0x0000000100000000)
  region size 1024K, 48 young (49152K), 7 survivors (7168K)
 Metaspace       used 105168K, committed 105984K, reserved 1179648K
  class space    used 14444K, committed 14784K, reserved 1048576K
}
Event: 16.527 GC heap after
{Heap after GC invocations=37 (full 0):
 garbage-first heap   total 244736K, used 167681K [0x0000000080000000, 0x0000000100000000)
  region size 1024K, 5 young (5120K), 5 survivors (5120K)
 Metaspace       used 105168K, committed 105984K, reserved 1179648K
  class space    used 14444K, committed 14784K, reserved 1048576K
}
Event: 16.822 GC heap before
{Heap before GC invocations=37 (full 0):
 garbage-first heap   total 244736K, used 180993K [0x0000000080000000, 0x0000000100000000)
  region size 1024K, 19 young (19456K), 5 survivors (5120K)
 Metaspace       used 106656K, committed 107456K, reserved 1179648K
  class space    used 14613K, committed 14976K, reserved 1048576K
}
Event: 16.826 GC heap after
{Heap after GC invocations=38 (full 0):
 garbage-first heap   total 244736K, used 169373K [0x0000000080000000, 0x0000000100000000)
  region size 1024K, 2 young (2048K), 2 survivors (2048K)
 Metaspace       used 106656K, committed 107456K, reserved 1179648K
  class space    used 14613K, committed 14976K, reserved 1048576K
}
Event: 17.940 GC heap before
{Heap before GC invocations=39 (full 0):
 garbage-first heap   total 293888K, used 204189K [0x0000000080000000, 0x0000000100000000)
  region size 1024K, 36 young (36864K), 2 survivors (2048K)
 Metaspace       used 110523K, committed 111360K, reserved 1179648K
  class space    used 14972K, committed 15360K, reserved 1048576K
}
Event: 18.005 GC heap after
{Heap after GC invocations=40 (full 0):
 garbage-first heap   total 293888K, used 170929K [0x0000000080000000, 0x0000000100000000)
  region size 1024K, 3 young (3072K), 3 survivors (3072K)
 Metaspace       used 110523K, committed 111360K, reserved 1179648K
  class space    used 14972K, committed 15360K, reserved 1048576K
}
Event: 18.826 GC heap before
{Heap before GC invocations=40 (full 0):
 garbage-first heap   total 293888K, used 181169K [0x0000000080000000, 0x0000000100000000)
  region size 1024K, 14 young (14336K), 3 survivors (3072K)
 Metaspace       used 112033K, committed 112832K, reserved 1179648K
  class space    used 15136K, committed 15488K, reserved 1048576K
}
Event: 18.832 GC heap after
{Heap after GC invocations=41 (full 0):
 garbage-first heap   total 293888K, used 169076K [0x0000000080000000, 0x0000000100000000)
  region size 1024K, 1 young (1024K), 1 survivors (1024K)
 Metaspace       used 112033K, committed 112832K, reserved 1179648K
  class space    used 15136K, committed 15488K, reserved 1048576K
}
Event: 21.278 GC heap before
{Heap before GC invocations=41 (full 0):
 garbage-first heap   total 293888K, used 239732K [0x0000000080000000, 0x0000000100000000)
  region size 1024K, 69 young (70656K), 1 survivors (1024K)
 Metaspace       used 118553K, committed 119424K, reserved 1179648K
  class space    used 15952K, committed 16384K, reserved 1048576K
}
Event: 21.286 GC heap after
{Heap after GC invocations=42 (full 0):
 garbage-first heap   total 293888K, used 172529K [0x0000000080000000, 0x0000000100000000)
  region size 1024K, 5 young (5120K), 5 survivors (5120K)
 Metaspace       used 118553K, committed 119424K, reserved 1179648K
  class space    used 15952K, committed 16384K, reserved 1048576K
}
Event: 22.380 GC heap before
{Heap before GC invocations=43 (full 0):
 garbage-first heap   total 302080K, used 243185K [0x0000000080000000, 0x0000000100000000)
  region size 1024K, 74 young (75776K), 5 survivors (5120K)
 Metaspace       used 120979K, committed 121792K, reserved 1179648K
  class space    used 16222K, committed 16640K, reserved 1048576K
}
Event: 22.390 GC heap after
{Heap after GC invocations=44 (full 0):
 garbage-first heap   total 302080K, used 178620K [0x0000000080000000, 0x0000000100000000)
  region size 1024K, 10 young (10240K), 10 survivors (10240K)
 Metaspace       used 120979K, committed 121792K, reserved 1179648K
  class space    used 16222K, committed 16640K, reserved 1048576K
}
Event: 22.397 GC heap before
{Heap before GC invocations=44 (full 0):
 garbage-first heap   total 302080K, used 182716K [0x0000000080000000, 0x0000000100000000)
  region size 1024K, 14 young (14336K), 10 survivors (10240K)
 Metaspace       used 120994K, committed 121856K, reserved 1179648K
  class space    used 16222K, committed 16640K, reserved 1048576K
}
Event: 22.408 GC heap after
{Heap after GC invocations=45 (full 0):
 garbage-first heap   total 302080K, used 178169K [0x0000000080000000, 0x0000000100000000)
  region size 1024K, 2 young (2048K), 2 survivors (2048K)
 Metaspace       used 120994K, committed 121856K, reserved 1179648K
  class space    used 16222K, committed 16640K, reserved 1048576K
}
Event: 24.496 GC heap before
{Heap before GC invocations=45 (full 0):
 garbage-first heap   total 302080K, used 250873K [0x0000000080000000, 0x0000000100000000)
  region size 1024K, 73 young (74752K), 2 survivors (2048K)
 Metaspace       used 127694K, committed 128576K, reserved 1179648K
  class space    used 16832K, committed 17280K, reserved 1048576K
}

