# JRE version: OpenJDK Runtime Environment (17.0.11) (build 17.0.11+0--11852314)
# Java VM: OpenJDK 64-Bit Server VM (17.0.11+0--11852314, mixed mode, tiered, compressed oops, compressed class ptrs, g1 gc, windows-amd64)
GC Precious Log:
 CPUs: 12 total, 12 available
 Memory: 7967M
 Large Page Support: Disabled
 NUMA Support: Disabled
 Compressed Oops: Enabled (32-bit)
 Heap Region Size: 1M
 Heap Min Capacity: 8M
 Heap Initial Capacity: 126M
 Heap Max Capacity: 1992M
 Pre-touch: Disabled
 Parallel Workers: 10
 Concurrent Workers: 3
 Concurrent Refinement Workers: 10
 Periodic GC: Disabled
Heap:
 garbage-first heap   total 94208K, used 51461K [0x0000000083800000, 0x0000000100000000)
  region size 1024K, 10 young (10240K), 5 survivors (5120K)
 Metaspace       used 55733K, committed 56000K, reserved 1114112K
  class space    used 6664K, committed 6784K, reserved 1048576K
GC Heap History (20 events):
Event: 1.015 GC heap before
{Heap before GC invocations=4 (full 0):
 garbage-first heap   total 40960K, used 12421K [0x0000000083800000, 0x0000000100000000)
  region size 1024K, 6 young (6144K), 5 survivors (5120K)
 Metaspace       used 28827K, committed 29056K, reserved 1114112K
  class space    used 3527K, committed 3648K, reserved 1048576K
}
Event: 1.022 GC heap after
{Heap after GC invocations=5 (full 0):
 garbage-first heap   total 40960K, used 11915K [0x0000000083800000, 0x0000000100000000)
  region size 1024K, 1 young (1024K), 1 survivors (1024K)
 Metaspace       used 28827K, committed 29056K, reserved 1114112K
  class space    used 3527K, committed 3648K, reserved 1048576K
}
Event: 1.145 GC heap before
{Heap before GC invocations=5 (full 0):
 garbage-first heap   total 40960K, used 33419K [0x0000000083800000, 0x0000000100000000)
  region size 1024K, 20 young (20480K), 1 survivors (1024K)
 Metaspace       used 30072K, committed 30336K, reserved 1114112K
  class space    used 3758K, committed 3840K, reserved 1048576K
}
Event: 1.151 GC heap after
{Heap after GC invocations=6 (full 0):
 garbage-first heap   total 40960K, used 18148K [0x0000000083800000, 0x0000000100000000)
  region size 1024K, 3 young (3072K), 3 survivors (3072K)
 Metaspace       used 30072K, committed 30336K, reserved 1114112K
  class space    used 3758K, committed 3840K, reserved 1048576K
}
Event: 1.277 GC heap before
{Heap before GC invocations=6 (full 0):
 garbage-first heap   total 40960K, used 29412K [0x0000000083800000, 0x0000000100000000)
  region size 1024K, 15 young (15360K), 3 survivors (3072K)
 Metaspace       used 33187K, committed 33408K, reserved 1114112K
  class space    used 4306K, committed 4416K, reserved 1048576K
}
Event: 1.284 GC heap after
{Heap after GC invocations=7 (full 0):
 garbage-first heap   total 81920K, used 20000K [0x0000000083800000, 0x0000000100000000)
  region size 1024K, 2 young (2048K), 2 survivors (2048K)
 Metaspace       used 33187K, committed 33408K, reserved 1114112K
  class space    used 4306K, committed 4416K, reserved 1048576K
}
Event: 1.402 GC heap before
{Heap before GC invocations=7 (full 0):
 garbage-first heap   total 81920K, used 34336K [0x0000000083800000, 0x0000000100000000)
  region size 1024K, 17 young (17408K), 2 survivors (2048K)
 Metaspace       used 35769K, committed 35968K, reserved 1114112K
  class space    used 4585K, committed 4672K, reserved 1048576K
}
Event: 1.407 GC heap after
{Heap after GC invocations=8 (full 0):
 garbage-first heap   total 81920K, used 19656K [0x0000000083800000, 0x0000000100000000)
  region size 1024K, 4 young (4096K), 4 survivors (4096K)
 Metaspace       used 35769K, committed 35968K, reserved 1114112K
  class space    used 4585K, committed 4672K, reserved 1048576K
}
Event: 1.747 GC heap before
{Heap before GC invocations=9 (full 0):
 garbage-first heap   total 71680K, used 57544K [0x0000000083800000, 0x0000000100000000)
  region size 1024K, 41 young (41984K), 4 survivors (4096K)
 Metaspace       used 43914K, committed 44096K, reserved 1114112K
  class space    used 5398K, committed 5504K, reserved 1048576K
}
Event: 1.754 GC heap after
{Heap after GC invocations=10 (full 0):
 garbage-first heap   total 71680K, used 23182K [0x0000000083800000, 0x0000000100000000)
  region size 1024K, 6 young (6144K), 6 survivors (6144K)
 Metaspace       used 43914K, committed 44096K, reserved 1114112K
  class space    used 5398K, committed 5504K, reserved 1048576K
}
Event: 2.054 GC heap before
{Heap before GC invocations=10 (full 0):
 garbage-first heap   total 71680K, used 54926K [0x0000000083800000, 0x0000000100000000)
  region size 1024K, 34 young (34816K), 6 survivors (6144K)
 Metaspace       used 47138K, committed 47424K, reserved 1114112K
  class space    used 5758K, committed 5888K, reserved 1048576K
}
Event: 2.065 GC heap after
{Heap after GC invocations=11 (full 0):
 garbage-first heap   total 71680K, used 30190K [0x0000000083800000, 0x0000000100000000)
  region size 1024K, 5 young (5120K), 5 survivors (5120K)
 Metaspace       used 47138K, committed 47424K, reserved 1114112K
  class space    used 5758K, committed 5888K, reserved 1048576K
}
Event: 2.212 GC heap before
{Heap before GC invocations=11 (full 0):
 garbage-first heap   total 71680K, used 52718K [0x0000000083800000, 0x0000000100000000)
  region size 1024K, 28 young (28672K), 5 survivors (5120K)
 Metaspace       used 49414K, committed 49664K, reserved 1114112K
  class space    used 6015K, committed 6144K, reserved 1048576K
}
Event: 2.216 GC heap after
{Heap after GC invocations=12 (full 0):
 garbage-first heap   total 94208K, used 30826K [0x0000000083800000, 0x0000000100000000)
  region size 1024K, 2 young (2048K), 2 survivors (2048K)
 Metaspace       used 49414K, committed 49664K, reserved 1114112K
  class space    used 6015K, committed 6144K, reserved 1048576K
}
Event: 2.436 GC heap before
{Heap before GC invocations=12 (full 0):
 garbage-first heap   total 94208K, used 67690K [0x0000000083800000, 0x0000000100000000)
  region size 1024K, 38 young (38912K), 2 survivors (2048K)
 Metaspace       used 49902K, committed 50112K, reserved 1114112K
  class space    used 6030K, committed 6144K, reserved 1048576K
}
Event: 2.447 GC heap after
{Heap after GC invocations=13 (full 0):
 garbage-first heap   total 94208K, used 36728K [0x0000000083800000, 0x0000000100000000)
  region size 1024K, 5 young (5120K), 5 survivors (5120K)
 Metaspace       used 49902K, committed 50112K, reserved 1114112K
  class space    used 6030K, committed 6144K, reserved 1048576K
}
Event: 2.751 GC heap before
{Heap before GC invocations=13 (full 0):
 garbage-first heap   total 94208K, used 70520K [0x0000000083800000, 0x0000000100000000)
  region size 1024K, 38 young (38912K), 5 survivors (5120K)
 Metaspace       used 53107K, committed 53440K, reserved 1114112K
  class space    used 6444K, committed 6592K, reserved 1048576K
}
Event: 2.761 GC heap after
{Heap after GC invocations=14 (full 0):
 garbage-first heap   total 94208K, used 41831K [0x0000000083800000, 0x0000000100000000)
  region size 1024K, 5 young (5120K), 5 survivors (5120K)
 Metaspace       used 53107K, committed 53440K, reserved 1114112K
  class space    used 6444K, committed 6592K, reserved 1048576K
}
Event: 3.171 GC heap before
{Heap before GC invocations=14 (full 0):
 garbage-first heap   total 94208K, used 71527K [0x0000000083800000, 0x0000000100000000)
  region size 1024K, 34 young (34816K), 5 survivors (5120K)
 Metaspace       used 55567K, committed 55808K, reserved 1114112K
  class space    used 6663K, committed 6784K, reserved 1048576K
}
Event: 3.187 GC heap after
{Heap after GC invocations=15 (full 0):
 garbage-first heap   total 94208K, used 47365K [0x0000000083800000, 0x0000000100000000)
  region size 1024K, 5 young (5120K), 5 survivors (5120K)
 Metaspace       used 55567K, committed 55808K, reserved 1114112K
  class space    used 6663K, committed 6784K, reserved 1048576K
}

